#
# There is insufficient memory for the Java Runtime Environment to continue.
# Native memory allocation (mmap) failed to map 8589934592 bytes for G1 virtual space
# Possible reasons:
#   The system is out of physical RAM or swap space
#   The process is running with CompressedOops enabled, and the Java Heap may be blocking the growth of the native heap
# Possible solutions:
#   Reduce memory load on the system
#   Increase physical memory or swap space
#   Check if swap backing store is full
#   Decrease Java heap size (-Xmx/-Xms)
#   Decrease number of Java threads
#   Decrease Java thread stack sizes (-Xss)
#   Set larger code cache with -XX:ReservedCodeCacheSize=
#   JVM is running with Zero Based Compressed Oops mode in which the Java heap is
#     placed in the first 32GB address space. The Java Heap base address is the
#     maximum limit for the native heap growth. Please use -XX:HeapBaseMinAddress
#     to set the Java Heap base and to place the Java Heap above 32GB virtual address.
# This output file may be truncated or incomplete.
#
#  Out of Memory Error (os_windows.cpp:3548), pid=11920, tid=16992
#
# JRE version:  (17.0.12+8) (build )
# Java VM: Java HotSpot(TM) 64-Bit Server VM (17.0.12+8-LTS-286, mixed mode, sharing, tiered, compressed oops, compressed class ptrs, g1 gc, windows-amd64)
# No core dump will be written. Minidumps are not enabled by default on client versions of Windows
#

---------------  S U M M A R Y ------------

Command Line: -Xmx64m -Xms64m -Xms8g -Xmx8g -Dorg.gradle.appname=gradlew org.gradle.wrapper.GradleWrapperMain app:installDebug -PreactNativeDevServerPort=8081

Host: Intel(R) Core(TM) i3-10100F CPU @ 3.60GHz, 8 cores, 15G,  Windows 11 , 64 bit Build 22621 (10.0.22621.3958)
Time: Thu Oct 17 12:28:05 2024 India Standard Time elapsed time: 1.026464 seconds (0d 0h 0m 1s)

---------------  T H R E A D  ---------------

Current thread (0x00000184422377a0):  JavaThread "Unknown thread" [_thread_in_vm, id=16992, stack(0x000000663d800000,0x000000663d900000)]

Stack: [0x000000663d800000,0x000000663d900000]
Native frames: (J=compiled Java code, j=interpreted, Vv=VM code, C=native code)
V  [jvm.dll+0x67a04a]
V  [jvm.dll+0x7da4ed]
V  [jvm.dll+0x7dbe33]
V  [jvm.dll+0x7dc4a3]
V  [jvm.dll+0x24508f]
V  [jvm.dll+0x677089]
V  [jvm.dll+0x66bd32]
V  [jvm.dll+0x301fa6]
V  [jvm.dll+0x309546]
V  [jvm.dll+0x359d2e]
V  [jvm.dll+0x359f5f]
V  [jvm.dll+0x2d9078]
V  [jvm.dll+0x2d9fe4]
V  [jvm.dll+0x7aca21]
V  [jvm.dll+0x367591]
V  [jvm.dll+0x78b999]
V  [jvm.dll+0x3ec83f]
V  [jvm.dll+0x3ee471]
C  [jli.dll+0x5297]
C  [ucrtbase.dll+0x29333]
C  [KERNEL32.DLL+0x1257d]
C  [ntdll.dll+0x5af28]


---------------  P R O C E S S  ---------------

Threads class SMR info:
_java_thread_list=0x00007ffe06e07a18, length=0, elements={
}

Java Threads: ( => current thread )

Other Threads:
  0x00000184422e69f0 GCTaskThread "GC Thread#0" [stack: 0x000000663d900000,0x000000663da00000] [id=9072]
  0x00000184422f7850 ConcurrentGCThread "G1 Main Marker" [stack: 0x000000663da00000,0x000000663db00000] [id=4016]
  0x00000184422f8910 ConcurrentGCThread "G1 Conc#0" [stack: 0x000000663db00000,0x000000663dc00000] [id=6016]

[error occurred during error reporting (printing all threads), id 0xc0000005, EXCEPTION_ACCESS_VIOLATION (0xc0000005) at pc=0x00007ffe06639b67]

VM state: not at safepoint (not fully initialized)

VM Mutex/Monitor currently owned by a thread:  ([mutex/lock_event])
[0x0000018442233e50] Heap_lock - owner thread: 0x00000184422377a0

Heap address: 0x0000000600000000, size: 8192 MB, Compressed Oops mode: Zero based, Oop shift amount: 3

CDS archive(s) mapped at: [0x0000000000000000-0x0000000000000000-0x0000000000000000), size 0, SharedBaseAddress: 0x0000000800000000, ArchiveRelocationMode: 1.
Narrow klass base: 0x0000000000000000, Narrow klass shift: 0, Narrow klass range: 0x0

GC Precious Log:
<Empty>

Heap:
 garbage-first heap   total 0K, used 0K [0x0000000600000000, 0x0000000800000000)
  region size 4096K, 0 young (0K), 0 survivors (0K)

[error occurred during error reporting (printing heap information), id 0xc0000005, EXCEPTION_ACCESS_VIOLATION (0xc0000005) at pc=0x00007ffe06a23859]

GC Heap History (0 events):
No events

Deoptimization events (0 events):
No events

Classes unloaded (0 events):
No events

Classes redefined (0 events):
No events

Internal exceptions (0 events):
No events

VM Operations (0 events):
No events

Events (1 events):
Event: 0.004 Loaded shared library C:\Program Files\Java\jdk-17\bin\java.dll


Dynamic libraries:
0x00007ff655030000 - 0x00007ff655040000 	C:\Program Files\Java\jdk-17\bin\java.exe
0x00007ffe6d670000 - 0x00007ffe6d887000 	C:\WINDOWS\SYSTEM32\ntdll.dll
0x00007ffe6ba60000 - 0x00007ffe6bb24000 	C:\WINDOWS\System32\KERNEL32.DLL
0x00007ffe6ad70000 - 0x00007ffe6b11d000 	C:\WINDOWS\System32\KERNELBASE.dll
0x00007ffe6b280000 - 0x00007ffe6b391000 	C:\WINDOWS\System32\ucrtbase.dll
0x00007ffe5de60000 - 0x00007ffe5de7b000 	C:\Program Files\Java\jdk-17\bin\VCRUNTIME140.dll
0x00007ffe5e860000 - 0x00007ffe5e879000 	C:\Program Files\Java\jdk-17\bin\jli.dll
0x00007ffe6c710000 - 0x00007ffe6c7c2000 	C:\WINDOWS\System32\ADVAPI32.dll
0x00007ffe6b7c0000 - 0x00007ffe6b867000 	C:\WINDOWS\System32\msvcrt.dll
0x00007ffe6cae0000 - 0x00007ffe6cb89000 	C:\WINDOWS\System32\sechost.dll
0x00007ffe6a990000 - 0x00007ffe6a9b8000 	C:\WINDOWS\System32\bcrypt.dll
0x00007ffe6c830000 - 0x00007ffe6c944000 	C:\WINDOWS\System32\RPCRT4.dll
0x00007ffe6b8b0000 - 0x00007ffe6ba5e000 	C:\WINDOWS\System32\USER32.dll
0x00007ffe639d0000 - 0x00007ffe63c63000 	C:\WINDOWS\WinSxS\amd64_microsoft.windows.common-controls_6595b64144ccf1df_6.0.22621.3672_none_2713b9d173822955\COMCTL32.dll
0x00007ffe6ad40000 - 0x00007ffe6ad66000 	C:\WINDOWS\System32\win32u.dll
0x00007ffe6b870000 - 0x00007ffe6b899000 	C:\WINDOWS\System32\GDI32.dll
0x00007ffe6ac20000 - 0x00007ffe6ad39000 	C:\WINDOWS\System32\gdi32full.dll
0x00007ffe6b1e0000 - 0x00007ffe6b27a000 	C:\WINDOWS\System32\msvcp_win.dll
0x00007ffe64800000 - 0x00007ffe6480a000 	C:\WINDOWS\SYSTEM32\VERSION.dll
0x00007ffe6d5f0000 - 0x00007ffe6d621000 	C:\WINDOWS\System32\IMM32.DLL
0x00007ffe57e10000 - 0x00007ffe57e1c000 	C:\Program Files\Java\jdk-17\bin\vcruntime140_1.dll
0x00007ffe27fb0000 - 0x00007ffe2803e000 	C:\Program Files\Java\jdk-17\bin\msvcp140.dll
0x00007ffe06350000 - 0x00007ffe06f30000 	C:\Program Files\Java\jdk-17\bin\server\jvm.dll
0x00007ffe6b600000 - 0x00007ffe6b608000 	C:\WINDOWS\System32\PSAPI.DLL
0x00007ffe58440000 - 0x00007ffe58449000 	C:\WINDOWS\SYSTEM32\WSOCK32.dll
0x00007ffe63ea0000 - 0x00007ffe63ed4000 	C:\WINDOWS\SYSTEM32\WINMM.dll
0x00007ffe6cb90000 - 0x00007ffe6cc01000 	C:\WINDOWS\System32\WS2_32.dll
0x00007ffe69960000 - 0x00007ffe69978000 	C:\WINDOWS\SYSTEM32\kernel.appcore.dll
0x00007ffe57e00000 - 0x00007ffe57e0a000 	C:\Program Files\Java\jdk-17\bin\jimage.dll
0x00007ffe5be20000 - 0x00007ffe5c052000 	C:\WINDOWS\SYSTEM32\DBGHELP.DLL
0x00007ffe6ccc0000 - 0x00007ffe6d04d000 	C:\WINDOWS\System32\combase.dll
0x00007ffe6d4f0000 - 0x00007ffe6d5c7000 	C:\WINDOWS\System32\OLEAUT32.dll
0x00007ffe5b180000 - 0x00007ffe5b1b2000 	C:\WINDOWS\SYSTEM32\dbgcore.DLL
0x00007ffe6aba0000 - 0x00007ffe6ac1b000 	C:\WINDOWS\System32\bcryptPrimitives.dll
0x00007ffe524e0000 - 0x00007ffe52505000 	C:\Program Files\Java\jdk-17\bin\java.dll

dbghelp: loaded successfully - version: 4.0.5 - missing functions: none
symbol engine: initialized successfully - sym options: 0x614 - pdb path: .;C:\Program Files\Java\jdk-17\bin;C:\WINDOWS\SYSTEM32;C:\WINDOWS\WinSxS\amd64_microsoft.windows.common-controls_6595b64144ccf1df_6.0.22621.3672_none_2713b9d173822955;C:\Program Files\Java\jdk-17\bin\server

VM Arguments:
jvm_args: -Xmx64m -Xms64m -Xms8g -Xmx8g -Dorg.gradle.appname=gradlew 
java_command: org.gradle.wrapper.GradleWrapperMain app:installDebug -PreactNativeDevServerPort=8081
java_class_path (initial): E:\Studio_Projects\ThiaWorldLegacyDrawer\android\\gradle\wrapper\gradle-wrapper.jar
Launcher Type: SUN_STANDARD

[Global flags]
     intx CICompilerCount                          = 4                                         {product} {ergonomic}
     uint ConcGCThreads                            = 2                                         {product} {ergonomic}
     uint G1ConcRefinementThreads                  = 8                                         {product} {ergonomic}
   size_t G1HeapRegionSize                         = 4194304                                   {product} {ergonomic}
    uintx GCDrainStackTargetSize                   = 64                                        {product} {ergonomic}
   size_t InitialHeapSize                          = 8589934592                                {product} {command line}
   size_t MarkStackSize                            = 4194304                                   {product} {ergonomic}
   size_t MaxHeapSize                              = 8589934592                                {product} {command line}
   size_t MinHeapDeltaBytes                        = 4194304                                   {product} {ergonomic}
   size_t MinHeapSize                              = 8589934592                                {product} {command line}
    uintx NonNMethodCodeHeapSize                   = 5839372                                {pd product} {ergonomic}
    uintx NonProfiledCodeHeapSize                  = 122909434                              {pd product} {ergonomic}
    uintx ProfiledCodeHeapSize                     = 122909434                              {pd product} {ergonomic}
    uintx ReservedCodeCacheSize                    = 251658240                              {pd product} {ergonomic}
     bool SegmentedCodeCache                       = true                                      {product} {ergonomic}
   size_t SoftMaxHeapSize                          = 8589934592                             {manageable} {ergonomic}
     bool UseCompressedClassPointers               = true                           {product lp64_product} {ergonomic}
     bool UseCompressedOops                        = true                           {product lp64_product} {ergonomic}
     bool UseG1GC                                  = true                                      {product} {ergonomic}
     bool UseLargePagesIndividualAllocation        = false                                  {pd product} {ergonomic}

Logging:
Log output configuration:
 #0: stdout all=warning uptime,level,tags
 #1: stderr all=off uptime,level,tags

Environment Variables:
JAVA_HOME=C:\Program Files\Java\jdk-17
CLASSPATH=E:\Studio_Projects\ThiaWorldLegacyDrawer\android\\gradle\wrapper\gradle-wrapper.jar
PATH=E:\Studio_Projects\ThiaWorldLegacyDrawer\node_modules\.bin;E:\Studio_Projects\ThiaWorldLegacyDrawer\node_modules\.bin;E:\Studio_Projects\node_modules\.bin;E:\node_modules\.bin;C:\Program Files\nodejs\node_modules\npm\node_modules\@npmcli\run-script\lib\node-gyp-bin;E:\Studio_Projects\ThiaWorldLegacyDrawer\node_modules\.bin;E:\Studio_Projects\ThiaWorldLegacyDrawer\node_modules\.bin;E:\Studio_Projects\node_modules\.bin;E:\node_modules\.bin;C:\Program Files\nodejs\node_modules\npm\node_modules\@npmcli\run-script\lib\node-gyp-bin;C:\Program Files\Common Files\Oracle\Java\javapath;C:\Python312\Scripts\;C:\Python312\;C:\Program Files\ImageMagick-7.1.1-Q16-HDRI;C:\Program Files\MySQL\MySQL Server 5.5\bin;C:\Program Files\Java\jdk-19\bin;C:\Users\ABC\AppData\Local\Programs\Python\Python311\Scripts;C:\Program Files (x86)\Microsoft Visual Studio\2022\BuildTools\VC\Tools\MSVC\14.35.32215\bin\Hostx64\x64;C:\Users\ABC\Downloads\curl-7.88.1_2-win64-mingw\bin\curl.exe;C:\Windows\System32;C:\ProgramData\chocolatey\bin;C:\poppler-24.07.0\Library\bin;C:\Program Files\Git\cmd;C:\Windows\System32\OpenSSH\;C:\Program Files\nvm;C:\Program Files\nodejs;C:\Program Files\MongoDB\Server\8.0\bin;C:\Program Files\PowerShell\7\;C:\Program Files\Java\jdk-17\bin;C:\Users\ABC\AppData\Local\Android\Sdk\platform-tools;C:\Users\ABC\AppData\Local\Android\Sdk\emulator;C:\Gradle\gradle-8.10.2\bin;C:\Users\ABC\AppData\Local\Android\Sdk\tools;C:\Users\ABC\AppData\Local\Android\Sdk\tools\bin;C:\Program Files\nodejs\;C:\WINDOWS\System32\WindowsPowerShell\v1.0;C:\Program Files\Java\jdk-19\bin;C:\Users\ABC\AppData\Local\Microsoft\WindowsApps;C:\Users\ABC\AppData\Local\Programs\Python\Python311\Scripts;C:\Program Files (x86)\GnuWin32\bin;C:\Users\ABC\AppData\Local\Programs\Microsoft VS Code\bin;C:\Users\ABC\AppData\Local\GitHubDesktop\bin;C:\Program Files\nvm;C:\Program Files\nodejs;C:\Users\ABC\AppData\Roaming\npm
USERNAME=BBSOCEAN105
OS=Windows_NT
PROCESSOR_IDENTIFIER=Intel64 Family 6 Model 165 Stepping 3, GenuineIntel



---------------  S Y S T E M  ---------------

OS:
 Windows 11 , 64 bit Build 22621 (10.0.22621.3958)
OS uptime: 0 days 1:58 hours

CPU: total 8 (initial active 8) (4 cores per cpu, 2 threads per core) family 6 model 165 stepping 3 microcode 0xea, cx8, cmov, fxsr, ht, mmx, 3dnowpref, sse, sse2, sse3, ssse3, sse4.1, sse4.2, popcnt, lzcnt, tsc, tscinvbit, avx, avx2, aes, erms, clmul, bmi1, bmi2, adx, fma, vzeroupper, clflush, clflushopt

Memory: 4k page, system-wide physical 16236M (2701M free)
TotalPageFile size 36663M (AvailPageFile size 9237M)
current process WorkingSet (physical memory assigned to process): 11M, peak: 11M
current process commit charge ("private bytes"): 60M, peak: 8268M

vm_info: Java HotSpot(TM) 64-Bit Server VM (17.0.12+8-LTS-286) for windows-amd64 JRE (17.0.12+8-LTS-286), built on Jun  5 2024 06:46:59 by "mach5one" with MS VC++ 17.6 (VS2022)

END.
